<?xml version="1.0" encoding="UTF-8"?>
<coverage generated="1522383267291" clover="3.2.0">
  <project timestamp="1522383267292" name="All files">
    <metrics statements="93" coveredstatements="93" conditionals="18" coveredconditionals="18" methods="4" coveredmethods="4" elements="115" coveredelements="115" complexity="0" loc="93" ncloc="93" packages="7" files="12" classes="12">
      <package name="gmobile-boilerplate">
        <metrics statements="5" coveredstatements="5" conditionals="0" coveredconditionals="0" methods="0" coveredmethods="0"/>
        <file name="setup-jest.js" path="/Users/poscoict/bgs/data/github-project/gmobile-boilerplate/setup-jest.js">
          <metrics statements="5" coveredstatements="5" conditionals="0" coveredconditionals="0" methods="0" coveredmethods="0"/>
          <line num="5" count="6" type="stmt"/>
          <line num="6" count="6" type="stmt"/>
          <line num="7" count="6" type="stmt"/>
          <line num="9" count="6" type="stmt"/>
          <line num="14" count="6" type="stmt"/>
        </file>
      </package>
      <package name="gmobile-boilerplate._inqubating">
        <metrics statements="4" coveredstatements="4" conditionals="0" coveredconditionals="0" methods="2" coveredmethods="2"/>
        <file name="mul.js" path="/Users/poscoict/bgs/data/github-project/gmobile-boilerplate/_inqubating/mul.js">
          <metrics statements="2" coveredstatements="2" conditionals="0" coveredconditionals="0" methods="1" coveredmethods="1"/>
          <line num="1" count="1" type="stmt"/>
          <line num="2" count="1" type="stmt"/>
        </file>
        <file name="sum.js" path="/Users/poscoict/bgs/data/github-project/gmobile-boilerplate/_inqubating/sum.js">
          <metrics statements="2" coveredstatements="2" conditionals="0" coveredconditionals="0" methods="1" coveredmethods="1"/>
          <line num="1" count="1" type="stmt"/>
          <line num="2" count="1" type="stmt"/>
        </file>
      </package>
      <package name="gmobile-boilerplate.src">
        <metrics statements="3" coveredstatements="3" conditionals="0" coveredconditionals="0" methods="0" coveredmethods="0"/>
        <file name="common.js" path="/Users/poscoict/bgs/data/github-project/gmobile-boilerplate/src/common.js">
          <metrics statements="0" coveredstatements="0" conditionals="0" coveredconditionals="0" methods="0" coveredmethods="0"/>
        </file>
        <file name="router.js" path="/Users/poscoict/bgs/data/github-project/gmobile-boilerplate/src/router.js">
          <metrics statements="3" coveredstatements="3" conditionals="0" coveredconditionals="0" methods="0" coveredmethods="0"/>
          <line num="4" count="2" type="stmt"/>
          <line num="9" count="4" type="stmt"/>
          <line num="10" count="4" type="stmt"/>
        </file>
      </package>
      <package name="gmobile-boilerplate.src.collections">
        <metrics statements="4" coveredstatements="4" conditionals="2" coveredconditionals="2" methods="0" coveredmethods="0"/>
        <file name="todos.js" path="/Users/poscoict/bgs/data/github-project/gmobile-boilerplate/src/collections/todos.js">
          <metrics statements="4" coveredstatements="4" conditionals="2" coveredconditionals="2" methods="0" coveredmethods="0"/>
          <line num="4" count="3" type="stmt"/>
          <line num="10" count="4" type="cond" truecount="2" falsecount="0"/>
          <line num="13" count="52" type="stmt"/>
          <line num="16" count="51" type="stmt"/>
        </file>
      </package>
      <package name="gmobile-boilerplate.src.models">
        <metrics statements="2" coveredstatements="2" conditionals="0" coveredconditionals="0" methods="0" coveredmethods="0"/>
        <file name="todo.js" path="/Users/poscoict/bgs/data/github-project/gmobile-boilerplate/src/models/todo.js">
          <metrics statements="2" coveredstatements="2" conditionals="0" coveredconditionals="0" methods="0" coveredmethods="0"/>
          <line num="1" count="5" type="stmt"/>
          <line num="7" count="3" type="stmt"/>
        </file>
      </package>
      <package name="gmobile-boilerplate.src.templates">
        <metrics statements="3" coveredstatements="3" conditionals="0" coveredconditionals="0" methods="0" coveredmethods="0"/>
        <file name="app.html" path="/Users/poscoict/bgs/data/github-project/gmobile-boilerplate/src/templates/app.html">
          <metrics statements="1" coveredstatements="1" conditionals="0" coveredconditionals="0" methods="0" coveredmethods="0"/>
          <line num="1" count="2" type="stmt"/>
        </file>
        <file name="header.html" path="/Users/poscoict/bgs/data/github-project/gmobile-boilerplate/src/templates/header.html">
          <metrics statements="1" coveredstatements="1" conditionals="0" coveredconditionals="0" methods="0" coveredmethods="0"/>
          <line num="1" count="2" type="stmt"/>
        </file>
        <file name="todo.html" path="/Users/poscoict/bgs/data/github-project/gmobile-boilerplate/src/templates/todo.html">
          <metrics statements="1" coveredstatements="1" conditionals="0" coveredconditionals="0" methods="0" coveredmethods="0"/>
          <line num="1" count="3" type="stmt"/>
        </file>
      </package>
      <package name="gmobile-boilerplate.src.views">
        <metrics statements="72" coveredstatements="72" conditionals="16" coveredconditionals="16" methods="2" coveredmethods="2"/>
        <file name="app.js" path="/Users/poscoict/bgs/data/github-project/gmobile-boilerplate/src/views/app.js">
          <metrics statements="48" coveredstatements="48" conditionals="10" coveredconditionals="10" methods="2" coveredmethods="2"/>
          <line num="6" count="2" type="stmt"/>
          <line num="14" count="2" type="stmt"/>
          <line num="15" count="2" type="stmt"/>
          <line num="16" count="2" type="stmt"/>
          <line num="17" count="2" type="stmt"/>
          <line num="18" count="2" type="stmt"/>
          <line num="19" count="2" type="stmt"/>
          <line num="20" count="2" type="stmt"/>
          <line num="21" count="2" type="stmt"/>
          <line num="28" count="2" type="stmt"/>
          <line num="29" count="2" type="stmt"/>
          <line num="30" count="2" type="stmt"/>
          <line num="31" count="2" type="stmt"/>
          <line num="32" count="2" type="stmt"/>
          <line num="33" count="2" type="stmt"/>
          <line num="34" count="2" type="stmt"/>
          <line num="35" count="2" type="stmt"/>
          <line num="41" count="2" type="stmt"/>
          <line num="44" count="50" type="stmt"/>
          <line num="45" count="50" type="stmt"/>
          <line num="46" count="50" type="stmt"/>
          <line num="47" count="50" type="stmt"/>
          <line num="55" count="2" type="stmt"/>
          <line num="56" count="2" type="stmt"/>
          <line num="59" count="2" type="stmt"/>
          <line num="60" count="2" type="stmt"/>
          <line num="63" count="4" type="stmt"/>
          <line num="66" count="11" type="stmt"/>
          <line num="69" count="3" type="cond" truecount="2" falsecount="0"/>
          <line num="70" count="1" type="stmt"/>
          <line num="71" count="1" type="stmt"/>
          <line num="72" count="1" type="stmt"/>
          <line num="74" count="1" type="stmt"/>
          <line num="75" count="1" type="stmt"/>
          <line num="77" count="2" type="stmt"/>
          <line num="78" count="2" type="stmt"/>
          <line num="83" count="2" type="stmt"/>
          <line num="84" count="2" type="stmt"/>
          <line num="87" count="3" type="cond" truecount="2" falsecount="0"/>
          <line num="88" count="1" type="stmt"/>
          <line num="90" count="2" type="stmt"/>
          <line num="93" count="2" type="cond" truecount="2" falsecount="0"/>
          <line num="94" count="2" type="cond" truecount="2" falsecount="0"/>
          <line num="95" count="2" type="stmt"/>
          <line num="96" count="2" type="stmt"/>
          <line num="97" count="4" type="stmt"/>
          <line num="101" count="1" type="stmt"/>
          <line num="102" count="1" type="stmt"/>
        </file>
        <file name="todo.js" path="/Users/poscoict/bgs/data/github-project/gmobile-boilerplate/src/views/todo.js">
          <metrics statements="24" coveredstatements="24" conditionals="6" coveredconditionals="6" methods="0" coveredmethods="0"/>
          <line num="4" count="3" type="stmt"/>
          <line num="15" count="3" type="stmt"/>
          <line num="16" count="3" type="stmt"/>
          <line num="17" count="3" type="stmt"/>
          <line num="22" count="14" type="stmt"/>
          <line num="23" count="14" type="stmt"/>
          <line num="24" count="14" type="stmt"/>
          <line num="25" count="14" type="stmt"/>
          <line num="27" count="14" type="stmt"/>
          <line num="28" count="14" type="stmt"/>
          <line num="29" count="14" type="stmt"/>
          <line num="31" count="14" type="stmt"/>
          <line num="34" count="25" type="stmt"/>
          <line num="37" count="25" type="stmt"/>
          <line num="38" count="25" type="stmt"/>
          <line num="44" count="2" type="stmt"/>
          <line num="45" count="2" type="stmt"/>
          <line num="48" count="1" type="stmt"/>
          <line num="51" count="2" type="stmt"/>
          <line num="52" count="2" type="stmt"/>
          <line num="55" count="2" type="stmt"/>
          <line num="58" count="2" type="cond" truecount="2" falsecount="0"/>
          <line num="59" count="1" type="stmt"/>
          <line num="61" count="1" type="stmt"/>
        </file>
      </package>
    </metrics>
  </project>
</coverage>
