{"/Users/poscoict/bgs/data/github-project/gmobile-boilerplate/setup-jest.js": {"path":"/Users/poscoict/bgs/data/github-project/gmobile-boilerplate/setup-jest.js","statementMap":{"0":{"start":{"line":5,"column":0},"end":{"line":5,"column":29}},"1":{"start":{"line":6,"column":0},"end":{"line":6,"column":13}},"2":{"start":{"line":7,"column":0},"end":{"line":7,"column":27}},"3":{"start":{"line":9,"column":25},"end":{"line":13,"column":1}},"4":{"start":{"line":14,"column":0},"end":{"line":14,"column":39}}},"fnMap":{},"branchMap":{},"s":{"0":6,"1":6,"2":6,"3":6,"4":6},"f":{},"b":{},"_coverageSchema":"332fd63041d2c1bcb487cc26dd0d5f7d97098a6c","hash":"363931ac920c80864b545394f69549dddba73c94"}
,"/Users/poscoict/bgs/data/github-project/gmobile-boilerplate/_inqubating/mul.js": {"path":"/Users/poscoict/bgs/data/github-project/gmobile-boilerplate/_inqubating/mul.js","statementMap":{"0":{"start":{"line":1,"column":12},"end":{"line":3,"column":1}},"1":{"start":{"line":2,"column":2},"end":{"line":2,"column":15}}},"fnMap":{"0":{"name":"(anonymous_0)","decl":{"start":{"line":1,"column":12},"end":{"line":1,"column":13}},"loc":{"start":{"line":1,"column":22},"end":{"line":3,"column":1}},"line":1}},"branchMap":{},"s":{"0":1,"1":1},"f":{"0":1},"b":{},"_coverageSchema":"332fd63041d2c1bcb487cc26dd0d5f7d97098a6c","hash":"421311f0c8faf71957110322ce38b53d434ea50f"}
,"/Users/poscoict/bgs/data/github-project/gmobile-boilerplate/_inqubating/sum.js": {"path":"/Users/poscoict/bgs/data/github-project/gmobile-boilerplate/_inqubating/sum.js","statementMap":{"0":{"start":{"line":1,"column":12},"end":{"line":3,"column":1}},"1":{"start":{"line":2,"column":2},"end":{"line":2,"column":15}}},"fnMap":{"0":{"name":"(anonymous_0)","decl":{"start":{"line":1,"column":12},"end":{"line":1,"column":13}},"loc":{"start":{"line":1,"column":22},"end":{"line":3,"column":1}},"line":1}},"branchMap":{},"s":{"0":1,"1":1},"f":{"0":1},"b":{},"_coverageSchema":"332fd63041d2c1bcb487cc26dd0d5f7d97098a6c","hash":"c7913121a642f0337cae0656b67e883ba147cbbb"}
,"/Users/poscoict/bgs/data/github-project/gmobile-boilerplate/src/common.js": {"path":"/Users/poscoict/bgs/data/github-project/gmobile-boilerplate/src/common.js","statementMap":{},"fnMap":{},"branchMap":{},"s":{},"f":{},"b":{},"_coverageSchema":"332fd63041d2c1bcb487cc26dd0d5f7d97098a6c","hash":"904b0630fdd79be84207ca6ba62d8a81800ffb2d"}
,"/Users/poscoict/bgs/data/github-project/gmobile-boilerplate/src/router.js": {"path":"/Users/poscoict/bgs/data/github-project/gmobile-boilerplate/src/router.js","statementMap":{"0":{"start":{"line":4,"column":15},"end":{"line":12,"column":2}},"1":{"start":{"line":9,"column":4},"end":{"line":9,"column":31}},"2":{"start":{"line":10,"column":4},"end":{"line":10,"column":28}}},"fnMap":{},"branchMap":{},"s":{"0":2,"1":4,"2":4},"f":{},"b":{},"_coverageSchema":"332fd63041d2c1bcb487cc26dd0d5f7d97098a6c","hash":"a17f917989f02045b0926792ba3564c71222d91c"}
,"/Users/poscoict/bgs/data/github-project/gmobile-boilerplate/src/collections/todos.js": {"path":"/Users/poscoict/bgs/data/github-project/gmobile-boilerplate/src/collections/todos.js","statementMap":{"0":{"start":{"line":4,"column":23},"end":{"line":19,"column":2}},"1":{"start":{"line":10,"column":4},"end":{"line":10,"column":58}},"2":{"start":{"line":13,"column":4},"end":{"line":13,"column":43}},"3":{"start":{"line":16,"column":4},"end":{"line":16,"column":44}}},"fnMap":{},"branchMap":{"0":{"loc":{"start":{"line":10,"column":11},"end":{"line":10,"column":57}},"type":"cond-expr","locations":[{"start":{"line":10,"column":25},"end":{"line":10,"column":53}},{"start":{"line":10,"column":56},"end":{"line":10,"column":57}}],"line":10}},"s":{"0":3,"1":4,"2":52,"3":51},"f":{},"b":{"0":[2,2]},"_coverageSchema":"332fd63041d2c1bcb487cc26dd0d5f7d97098a6c","hash":"4c0de6338e91ac4bf6a9596d1f12dd0f155b0a9b"}
,"/Users/poscoict/bgs/data/github-project/gmobile-boilerplate/src/models/todo.js": {"path":"/Users/poscoict/bgs/data/github-project/gmobile-boilerplate/src/models/todo.js","statementMap":{"0":{"start":{"line":1,"column":18},"end":{"line":11,"column":2}},"1":{"start":{"line":7,"column":4},"end":{"line":9,"column":7}}},"fnMap":{},"branchMap":{},"s":{"0":5,"1":3},"f":{},"b":{},"_coverageSchema":"332fd63041d2c1bcb487cc26dd0d5f7d97098a6c","hash":"07c3ac2e612dc3d20ae0cc338f8101bd2c8abaef"}
,"/Users/poscoict/bgs/data/github-project/gmobile-boilerplate/src/templates/app.html": {"path":"/Users/poscoict/bgs/data/github-project/gmobile-boilerplate/src/templates/app.html","statementMap":{"0":{"start":{"line":1,"column":0},"end":{"line":1,"column":1195}}},"fnMap":{},"branchMap":{},"s":{"0":2},"f":{},"b":{},"_coverageSchema":"332fd63041d2c1bcb487cc26dd0d5f7d97098a6c","hash":"55444d88708d4f28b1e28473a55d8ad8a0d97185"}
,"/Users/poscoict/bgs/data/github-project/gmobile-boilerplate/src/templates/header.html": {"path":"/Users/poscoict/bgs/data/github-project/gmobile-boilerplate/src/templates/header.html","statementMap":{"0":{"start":{"line":1,"column":0},"end":{"line":1,"column":567}}},"fnMap":{},"branchMap":{},"s":{"0":2},"f":{},"b":{},"_coverageSchema":"332fd63041d2c1bcb487cc26dd0d5f7d97098a6c","hash":"1a5934d4911402c985ecd745cf424ee6eafdc298"}
,"/Users/poscoict/bgs/data/github-project/gmobile-boilerplate/src/templates/todo.html": {"path":"/Users/poscoict/bgs/data/github-project/gmobile-boilerplate/src/templates/todo.html","statementMap":{"0":{"start":{"line":1,"column":0},"end":{"line":1,"column":904}}},"fnMap":{},"branchMap":{},"s":{"0":3},"f":{},"b":{},"_coverageSchema":"332fd63041d2c1bcb487cc26dd0d5f7d97098a6c","hash":"619ad2fbff53c5b27f3d343501b831250663954e"}
,"/Users/poscoict/bgs/data/github-project/gmobile-boilerplate/src/views/app.js": {"path":"/Users/poscoict/bgs/data/github-project/gmobile-boilerplate/src/views/app.js","statementMap":{"0":{"start":{"line":6,"column":16},"end":{"line":104,"column":2}},"1":{"start":{"line":14,"column":4},"end":{"line":14,"column":37}},"2":{"start":{"line":15,"column":4},"end":{"line":15,"column":55}},"3":{"start":{"line":16,"column":4},"end":{"line":16,"column":57}},"4":{"start":{"line":17,"column":4},"end":{"line":17,"column":55}},"5":{"start":{"line":18,"column":4},"end":{"line":18,"column":61}},"6":{"start":{"line":19,"column":4},"end":{"line":19,"column":71}},"7":{"start":{"line":20,"column":4},"end":{"line":20,"column":18}},"8":{"start":{"line":21,"column":4},"end":{"line":23,"column":7}},"9":{"start":{"line":28,"column":4},"end":{"line":28,"column":35}},"10":{"start":{"line":29,"column":4},"end":{"line":29,"column":33}},"11":{"start":{"line":30,"column":4},"end":{"line":30,"column":44}},"12":{"start":{"line":31,"column":4},"end":{"line":31,"column":61}},"13":{"start":{"line":32,"column":4},"end":{"line":32,"column":67}},"14":{"start":{"line":33,"column":4},"end":{"line":33,"column":35}},"15":{"start":{"line":34,"column":4},"end":{"line":34,"column":38}},"16":{"start":{"line":35,"column":4},"end":{"line":40,"column":7}},"17":{"start":{"line":41,"column":4},"end":{"line":41,"column":16}},"18":{"start":{"line":44,"column":22},"end":{"line":44,"column":56}},"19":{"start":{"line":45,"column":25},"end":{"line":45,"column":62}},"20":{"start":{"line":46,"column":19},"end":{"line":46,"column":45}},"21":{"start":{"line":47,"column":4},"end":{"line":52,"column":8}},"22":{"start":{"line":55,"column":17},"end":{"line":55,"column":46}},"23":{"start":{"line":56,"column":4},"end":{"line":56,"column":40}},"24":{"start":{"line":59,"column":4},"end":{"line":59,"column":24}},"25":{"start":{"line":60,"column":4},"end":{"line":60,"column":44}},"26":{"start":{"line":63,"column":4},"end":{"line":63,"column":47}},"27":{"start":{"line":66,"column":4},"end":{"line":66,"column":28}},"28":{"start":{"line":69,"column":4},"end":{"line":76,"column":5}},"29":{"start":{"line":70,"column":6},"end":{"line":70,"column":34}},"30":{"start":{"line":71,"column":6},"end":{"line":73,"column":15}},"31":{"start":{"line":72,"column":8},"end":{"line":72,"column":36}},"32":{"start":{"line":74,"column":6},"end":{"line":74,"column":26}},"33":{"start":{"line":75,"column":6},"end":{"line":75,"column":13}},"34":{"start":{"line":77,"column":16},"end":{"line":77,"column":40}},"35":{"start":{"line":78,"column":4},"end":{"line":82,"column":7}},"36":{"start":{"line":83,"column":4},"end":{"line":83,"column":24}},"37":{"start":{"line":84,"column":4},"end":{"line":84,"column":24}},"38":{"start":{"line":87,"column":4},"end":{"line":89,"column":5}},"39":{"start":{"line":88,"column":6},"end":{"line":88,"column":13}},"40":{"start":{"line":90,"column":4},"end":{"line":90,"column":20}},"41":{"start":{"line":93,"column":22},"end":{"line":93,"column":69}},"42":{"start":{"line":94,"column":21},"end":{"line":94,"column":72}},"43":{"start":{"line":95,"column":4},"end":{"line":95,"column":29}},"44":{"start":{"line":96,"column":4},"end":{"line":98,"column":7}},"45":{"start":{"line":97,"column":6},"end":{"line":97,"column":40}},"46":{"start":{"line":101,"column":4},"end":{"line":101,"column":53}},"47":{"start":{"line":102,"column":4},"end":{"line":102,"column":17}}},"fnMap":{"0":{"name":"(anonymous_0)","decl":{"start":{"line":71,"column":17},"end":{"line":71,"column":18}},"loc":{"start":{"line":71,"column":23},"end":{"line":73,"column":7}},"line":71},"1":{"name":"(anonymous_1)","decl":{"start":{"line":96,"column":25},"end":{"line":96,"column":26}},"loc":{"start":{"line":96,"column":35},"end":{"line":98,"column":5}},"line":96}},"branchMap":{"0":{"loc":{"start":{"line":51,"column":15},"end":{"line":51,"column":42}},"type":"binary-expr","locations":[{"start":{"line":51,"column":15},"end":{"line":51,"column":33}},{"start":{"line":51,"column":37},"end":{"line":51,"column":42}}],"line":51},"1":{"loc":{"start":{"line":69,"column":4},"end":{"line":76,"column":5}},"type":"if","locations":[{"start":{"line":69,"column":4},"end":{"line":76,"column":5}},{"start":{"line":69,"column":4},"end":{"line":76,"column":5}}],"line":69},"2":{"loc":{"start":{"line":87,"column":4},"end":{"line":89,"column":5}},"type":"if","locations":[{"start":{"line":87,"column":4},"end":{"line":89,"column":5}},{"start":{"line":87,"column":4},"end":{"line":89,"column":5}}],"line":87},"3":{"loc":{"start":{"line":93,"column":22},"end":{"line":93,"column":69}},"type":"cond-expr","locations":[{"start":{"line":93,"column":57},"end":{"line":93,"column":62}},{"start":{"line":93,"column":65},"end":{"line":93,"column":69}}],"line":93},"4":{"loc":{"start":{"line":94,"column":21},"end":{"line":94,"column":72}},"type":"cond-expr","locations":[{"start":{"line":94,"column":33},"end":{"line":94,"column":44}},{"start":{"line":94,"column":47},"end":{"line":94,"column":72}}],"line":94}},"s":{"0":2,"1":2,"2":2,"3":2,"4":2,"5":2,"6":2,"7":2,"8":2,"9":2,"10":2,"11":2,"12":2,"13":2,"14":2,"15":2,"16":2,"17":2,"18":50,"19":50,"20":50,"21":50,"22":2,"23":2,"24":2,"25":2,"26":4,"27":11,"28":3,"29":1,"30":1,"31":1,"32":1,"33":1,"34":2,"35":2,"36":2,"37":2,"38":3,"39":1,"40":2,"41":2,"42":2,"43":2,"44":2,"45":4,"46":1,"47":1},"f":{"0":1,"1":4},"b":{"0":[50,25],"1":[1,2],"2":[1,2],"3":[1,1],"4":[1,1]},"_coverageSchema":"332fd63041d2c1bcb487cc26dd0d5f7d97098a6c","hash":"771680e381d57b392dbc2b58b9589e70773256bb"}
,"/Users/poscoict/bgs/data/github-project/gmobile-boilerplate/src/views/todo.js": {"path":"/Users/poscoict/bgs/data/github-project/gmobile-boilerplate/src/views/todo.js","statementMap":{"0":{"start":{"line":4,"column":17},"end":{"line":63,"column":2}},"1":{"start":{"line":15,"column":4},"end":{"line":15,"column":53}},"2":{"start":{"line":16,"column":4},"end":{"line":16,"column":54}},"3":{"start":{"line":17,"column":4},"end":{"line":17,"column":61}},"4":{"start":{"line":22,"column":4},"end":{"line":22,"column":54}},"5":{"start":{"line":23,"column":4},"end":{"line":23,"column":35}},"6":{"start":{"line":24,"column":4},"end":{"line":24,"column":25}},"7":{"start":{"line":25,"column":4},"end":{"line":25,"column":70}},"8":{"start":{"line":27,"column":4},"end":{"line":27,"column":33}},"9":{"start":{"line":28,"column":4},"end":{"line":28,"column":44}},"10":{"start":{"line":29,"column":4},"end":{"line":29,"column":45}},"11":{"start":{"line":31,"column":4},"end":{"line":31,"column":16}},"12":{"start":{"line":34,"column":4},"end":{"line":34,"column":52}},"13":{"start":{"line":37,"column":24},"end":{"line":37,"column":51}},"14":{"start":{"line":38,"column":4},"end":{"line":41,"column":6}},"15":{"start":{"line":44,"column":4},"end":{"line":44,"column":71}},"16":{"start":{"line":45,"column":4},"end":{"line":45,"column":24}},"17":{"start":{"line":48,"column":4},"end":{"line":48,"column":25}},"18":{"start":{"line":51,"column":4},"end":{"line":51,"column":37}},"19":{"start":{"line":52,"column":4},"end":{"line":52,"column":65}},"20":{"start":{"line":55,"column":4},"end":{"line":55,"column":58}},"21":{"start":{"line":58,"column":4},"end":{"line":60,"column":5}},"22":{"start":{"line":59,"column":6},"end":{"line":59,"column":13}},"23":{"start":{"line":61,"column":4},"end":{"line":61,"column":24}}},"fnMap":{},"branchMap":{"0":{"loc":{"start":{"line":39,"column":6},"end":{"line":40,"column":60}},"type":"binary-expr","locations":[{"start":{"line":39,"column":7},"end":{"line":39,"column":19}},{"start":{"line":39,"column":23},"end":{"line":39,"column":57}},{"start":{"line":40,"column":7},"end":{"line":40,"column":18}},{"start":{"line":40,"column":22},"end":{"line":40,"column":59}}],"line":39},"1":{"loc":{"start":{"line":58,"column":4},"end":{"line":60,"column":5}},"type":"if","locations":[{"start":{"line":58,"column":4},"end":{"line":60,"column":5}},{"start":{"line":58,"column":4},"end":{"line":60,"column":5}}],"line":58}},"s":{"0":3,"1":3,"2":3,"3":3,"4":14,"5":14,"6":14,"7":14,"8":14,"9":14,"10":14,"11":14,"12":25,"13":25,"14":25,"15":2,"16":2,"17":1,"18":2,"19":2,"20":2,"21":2,"22":1,"23":1},"f":{},"b":{"0":[25,14,21,11],"1":[1,1]},"_coverageSchema":"332fd63041d2c1bcb487cc26dd0d5f7d97098a6c","hash":"a3187e1326e4691f7b2285430b9cc97cfd30d478"}
}
