TN:
SF:/Users/poscoict/bgs/data/github-project/gmobile-boilerplate/setup-jest.js
FNF:0
FNH:0
DA:5,6
DA:6,6
DA:7,6
DA:9,6
DA:14,6
LF:5
LH:5
BRF:0
BRH:0
end_of_record
TN:
SF:/Users/poscoict/bgs/data/github-project/gmobile-boilerplate/_inqubating/mul.js
FN:1,(anonymous_0)
FNF:1
FNH:1
FNDA:1,(anonymous_0)
DA:1,1
DA:2,1
LF:2
LH:2
BRF:0
BRH:0
end_of_record
TN:
SF:/Users/poscoict/bgs/data/github-project/gmobile-boilerplate/_inqubating/sum.js
FN:1,(anonymous_0)
FNF:1
FNH:1
FNDA:1,(anonymous_0)
DA:1,1
DA:2,1
LF:2
LH:2
BRF:0
BRH:0
end_of_record
TN:
SF:/Users/poscoict/bgs/data/github-project/gmobile-boilerplate/src/common.js
FNF:0
FNH:0
LF:0
LH:0
BRF:0
BRH:0
end_of_record
TN:
SF:/Users/poscoict/bgs/data/github-project/gmobile-boilerplate/src/router.js
FNF:0
FNH:0
DA:4,2
DA:9,4
DA:10,4
LF:3
LH:3
BRF:0
BRH:0
end_of_record
TN:
SF:/Users/poscoict/bgs/data/github-project/gmobile-boilerplate/src/collections/todos.js
FNF:0
FNH:0
DA:4,3
DA:10,4
DA:13,52
DA:16,51
LF:4
LH:4
BRDA:10,0,0,2
BRDA:10,0,1,2
BRF:2
BRH:2
end_of_record
TN:
SF:/Users/poscoict/bgs/data/github-project/gmobile-boilerplate/src/models/todo.js
FNF:0
FNH:0
DA:1,5
DA:7,3
LF:2
LH:2
BRF:0
BRH:0
end_of_record
TN:
SF:/Users/poscoict/bgs/data/github-project/gmobile-boilerplate/src/templates/app.html
FNF:0
FNH:0
DA:1,2
LF:1
LH:1
BRF:0
BRH:0
end_of_record
TN:
SF:/Users/poscoict/bgs/data/github-project/gmobile-boilerplate/src/templates/header.html
FNF:0
FNH:0
DA:1,2
LF:1
LH:1
BRF:0
BRH:0
end_of_record
TN:
SF:/Users/poscoict/bgs/data/github-project/gmobile-boilerplate/src/templates/todo.html
FNF:0
FNH:0
DA:1,3
LF:1
LH:1
BRF:0
BRH:0
end_of_record
TN:
SF:/Users/poscoict/bgs/data/github-project/gmobile-boilerplate/src/views/app.js
FN:71,(anonymous_0)
FN:96,(anonymous_1)
FNF:2
FNH:2
FNDA:1,(anonymous_0)
FNDA:4,(anonymous_1)
DA:6,2
DA:14,2
DA:15,2
DA:16,2
DA:17,2
DA:18,2
DA:19,2
DA:20,2
DA:21,2
DA:28,2
DA:29,2
DA:30,2
DA:31,2
DA:32,2
DA:33,2
DA:34,2
DA:35,2
DA:41,2
DA:44,50
DA:45,50
DA:46,50
DA:47,50
DA:55,2
DA:56,2
DA:59,2
DA:60,2
DA:63,4
DA:66,11
DA:69,3
DA:70,1
DA:71,1
DA:72,1
DA:74,1
DA:75,1
DA:77,2
DA:78,2
DA:83,2
DA:84,2
DA:87,3
DA:88,1
DA:90,2
DA:93,2
DA:94,2
DA:95,2
DA:96,2
DA:97,4
DA:101,1
DA:102,1
LF:48
LH:48
BRDA:51,0,0,50
BRDA:51,0,1,25
BRDA:69,1,0,1
BRDA:69,1,1,2
BRDA:87,2,0,1
BRDA:87,2,1,2
BRDA:93,3,0,1
BRDA:93,3,1,1
BRDA:94,4,0,1
BRDA:94,4,1,1
BRF:10
BRH:10
end_of_record
TN:
SF:/Users/poscoict/bgs/data/github-project/gmobile-boilerplate/src/views/todo.js
FNF:0
FNH:0
DA:4,3
DA:15,3
DA:16,3
DA:17,3
DA:22,14
DA:23,14
DA:24,14
DA:25,14
DA:27,14
DA:28,14
DA:29,14
DA:31,14
DA:34,25
DA:37,25
DA:38,25
DA:44,2
DA:45,2
DA:48,1
DA:51,2
DA:52,2
DA:55,2
DA:58,2
DA:59,1
DA:61,1
LF:24
LH:24
BRDA:39,0,0,25
BRDA:39,0,1,14
BRDA:39,0,2,21
BRDA:39,0,3,11
BRDA:58,1,0,1
BRDA:58,1,1,1
BRF:6
BRH:6
end_of_record
